<?xml version="1.0" encoding="UTF-8"?>
<!-- Generated by org.testng.reporters.JUnitReportReporter -->
<testsuite hostname="Aleph-9LVDCs-MacBook-Pro.local" failures="0" tests="1" name="TestAutomation.TestCheckoutPaymentVA" time="39.682" errors="0" timestamp="27 May 2025 09:42:58 GMT">
  <testcase classname="TestAutomation.TestCheckoutPaymentVA" name="testCheckout" time="39.682"/>
</testsuite> <!-- TestAutomation.TestCheckoutPaymentVA -->
